apiVersion: v1
items:
- apiVersion: v1
  kind: Service
  metadata:
    creationTimestamp: "2021-04-04T22:30:07Z"
    labels:
      app.kubernetes.io/name: hello-minikube
    managedFields:
    - apiVersion: v1
      fieldsType: FieldsV1
      fieldsV1:
        f:status:
          f:loadBalancer:
            f:ingress: {}
      manager: kube-vpnkit-forwarder
      operation: Update
      time: "2021-04-04T22:30:07Z"
    - apiVersion: v1
      fieldsType: FieldsV1
      fieldsV1:
        f:metadata:
          f:labels:
            .: {}
            f:app.kubernetes.io/name: {}
        f:spec:
          f:externalTrafficPolicy: {}
          f:ports:
            .: {}
            k:{"port":8080,"protocol":"TCP"}:
              .: {}
              f:port: {}
              f:protocol: {}
              f:targetPort: {}
          f:selector:
            .: {}
            f:app.kubernetes.io/name: {}
          f:sessionAffinity: {}
          f:type: {}
      manager: kubectl-expose
      operation: Update
      time: "2021-04-04T22:30:07Z"
    name: hello-minikube-deployment
    namespace: default
    resourceVersion: "232822"
    selfLink: /api/v1/namespaces/default/services/hello-minikube-deployment
    uid: 38eb33b1-d3dc-4af4-b898-e6c04c81ebe4
  spec:
    clusterIP: 10.107.126.247
    externalTrafficPolicy: Cluster
    ports:
    - nodePort: 31132
      port: 8080
      protocol: TCP
      targetPort: 8080
    selector:
      app.kubernetes.io/name: hello-minikube
    sessionAffinity: None
    type: LoadBalancer
  status:
    loadBalancer:
      ingress:
      - hostname: localhost
- apiVersion: v1
  kind: Service
  metadata:
    creationTimestamp: "2021-04-03T08:12:55Z"
    labels:
      component: apiserver
      provider: kubernetes
    managedFields:
    - apiVersion: v1
      fieldsType: FieldsV1
      fieldsV1:
        f:metadata:
          f:labels:
            .: {}
            f:component: {}
            f:provider: {}
        f:spec:
          f:clusterIP: {}
          f:ports:
            .: {}
            k:{"port":443,"protocol":"TCP"}:
              .: {}
              f:name: {}
              f:port: {}
              f:protocol: {}
              f:targetPort: {}
          f:sessionAffinity: {}
          f:type: {}
      manager: kube-apiserver
      operation: Update
      time: "2021-04-03T08:12:55Z"
    name: kubernetes
    namespace: default
    resourceVersion: "157"
    selfLink: /api/v1/namespaces/default/services/kubernetes
    uid: ae77bde8-3ee0-4946-97ef-b3d6855dc515
  spec:
    clusterIP: 10.96.0.1
    ports:
    - name: https
      port: 443
      protocol: TCP
      targetPort: 6443
    sessionAffinity: None
    type: ClusterIP
  status:
    loadBalancer: {}
kind: List
metadata:
  resourceVersion: ""
  selfLink: ""
