apiVersion: autoscaling/v1
kind: HorizontalPodAutoscaler
metadata:
  creationTimestamp: "2021-04-05T00:23:24Z"
  managedFields:
  - apiVersion: autoscaling/v1
    fieldsType: FieldsV1
    fieldsV1:
      f:spec:
        f:maxReplicas: {}
        f:minReplicas: {}
        f:scaleTargetRef:
          f:apiVersion: {}
          f:kind: {}
          f:name: {}
        f:targetCPUUtilizationPercentage: {}
    manager: kubectl-autoscale
    operation: Update
    time: "2021-04-05T00:23:24Z"
  name: web-app-deployment
  namespace: default
  resourceVersion: "244765"
  selfLink: /apis/autoscaling/v1/namespaces/default/horizontalpodautoscalers/web-app-deployment
  uid: cee6529b-02e6-427e-acea-1be6539b7164
spec:
  maxReplicas: 3
  minReplicas: 1
  scaleTargetRef:
    apiVersion: apps/v1
    kind: Deployment
    name: web-app-deployment
  targetCPUUtilizationPercentage: 50
status:
  currentReplicas: 0
  desiredReplicas: 0
apiVersion: autoscaling/v1
kind: HorizontalPodAutoscaler
metadata:
  annotations:
    autoscaling.alpha.kubernetes.io/conditions: '[{"type":"AbleToScale","status":"True","lastTransitionTime":"2021-04-05T00:24:24Z","reason":"SucceededGetScale","message":"the
      HPA controller was able to get the target''s current scale"},{"type":"ScalingActive","status":"False","lastTransitionTime":"2021-04-05T00:31:27Z","reason":"FailedGetResourceMetric","message":"the
      HPA was unable to compute the replica count: missing request for cpu"},{"type":"ScalingLimited","status":"True","lastTransitionTime":"2021-04-05T00:29:26Z","reason":"TooFewReplicas","message":"the
      desired replica count is less than the minimum replica count"}]'
    autoscaling.alpha.kubernetes.io/current-metrics: '[{"type":"Resource","resource":{"name":"cpu","currentAverageUtilization":0,"currentAverageValue":"0"}}]'
  creationTimestamp: "2021-04-05T00:23:24Z"
  managedFields:
  - apiVersion: autoscaling/v1
    fieldsType: FieldsV1
    fieldsV1:
      f:spec:
        f:maxReplicas: {}
        f:minReplicas: {}
        f:scaleTargetRef:
          f:apiVersion: {}
          f:kind: {}
          f:name: {}
        f:targetCPUUtilizationPercentage: {}
    manager: kubectl-autoscale
    operation: Update
    time: "2021-04-05T00:23:24Z"
  - apiVersion: autoscaling/v1
    fieldsType: FieldsV1
    fieldsV1:
      f:metadata:
        f:annotations:
          .: {}
          f:autoscaling.alpha.kubernetes.io/conditions: {}
          f:autoscaling.alpha.kubernetes.io/current-metrics: {}
      f:status:
        f:currentCPUUtilizationPercentage: {}
        f:currentReplicas: {}
        f:desiredReplicas: {}
    manager: kube-controller-manager
    operation: Update
    time: "2021-04-05T00:32:28Z"
  name: web-app-deployment
  namespace: default
  resourceVersion: "245749"
  selfLink: /apis/autoscaling/v1/namespaces/default/horizontalpodautoscalers/web-app-deployment
  uid: cee6529b-02e6-427e-acea-1be6539b7164
spec:
  maxReplicas: 3
  minReplicas: 1
  scaleTargetRef:
    apiVersion: apps/v1
    kind: Deployment
    name: web-app-deployment
  targetCPUUtilizationPercentage: 50
status:
  currentCPUUtilizationPercentage: 0
  currentReplicas: 1
  desiredReplicas: 1
